

Started GET "/admin" for 127.0.0.1 at 2012-12-22 16:40:03 -0200
Connecting to database specified by database.yml

ActionController::RoutingError (No route matches [GET] "/admin"):
  actionpack (3.2.9) lib/action_dispatch/middleware/debug_exceptions.rb:21:in `call'
  actionpack (3.2.9) lib/action_dispatch/middleware/show_exceptions.rb:56:in `call'
  railties (3.2.9) lib/rails/rack/logger.rb:32:in `call_app'
  railties (3.2.9) lib/rails/rack/logger.rb:16:in `block in call'
  activesupport (3.2.9) lib/active_support/tagged_logging.rb:22:in `tagged'
  railties (3.2.9) lib/rails/rack/logger.rb:16:in `call'
  actionpack (3.2.9) lib/action_dispatch/middleware/request_id.rb:22:in `call'
  rack (1.4.1) lib/rack/methodoverride.rb:21:in `call'
  rack (1.4.1) lib/rack/runtime.rb:17:in `call'
  activesupport (3.2.9) lib/active_support/cache/strategy/local_cache.rb:72:in `call'
  rack (1.4.1) lib/rack/lock.rb:15:in `call'
  actionpack (3.2.9) lib/action_dispatch/middleware/static.rb:62:in `call'
  railties (3.2.9) lib/rails/engine.rb:479:in `call'
  railties (3.2.9) lib/rails/application.rb:223:in `call'
  rack (1.4.1) lib/rack/content_length.rb:14:in `call'
  railties (3.2.9) lib/rails/rack/log_tailer.rb:17:in `call'
  rack (1.4.1) lib/rack/handler/webrick.rb:59:in `service'
  /home/laura/.rvm/rubies/ruby-1.9.3-p327/lib/ruby/1.9.1/webrick/httpserver.rb:138:in `service'
  /home/laura/.rvm/rubies/ruby-1.9.3-p327/lib/ruby/1.9.1/webrick/httpserver.rb:94:in `run'
  /home/laura/.rvm/rubies/ruby-1.9.3-p327/lib/ruby/1.9.1/webrick/server.rb:191:in `block in start_thread'


  Rendered /home/laura/.rvm/gems/ruby-1.9.3-p327/gems/actionpack-3.2.9/lib/action_dispatch/middleware/templates/rescues/routing_error.erb within rescues/layout (23.5ms)


Started GET "/assets/rails.png" for 127.0.0.1 at 2012-12-22 16:40:07 -0200
Served asset /rails.png - 200 OK (9ms)


Started GET "/mad-monkey" for 127.0.0.1 at 2012-12-22 16:40:12 -0200

ActionController::RoutingError (No route matches [GET] "/mad-monkey"):
  actionpack (3.2.9) lib/action_dispatch/middleware/debug_exceptions.rb:21:in `call'
  actionpack (3.2.9) lib/action_dispatch/middleware/show_exceptions.rb:56:in `call'
  railties (3.2.9) lib/rails/rack/logger.rb:32:in `call_app'
  railties (3.2.9) lib/rails/rack/logger.rb:16:in `block in call'
  activesupport (3.2.9) lib/active_support/tagged_logging.rb:22:in `tagged'
  railties (3.2.9) lib/rails/rack/logger.rb:16:in `call'
  actionpack (3.2.9) lib/action_dispatch/middleware/request_id.rb:22:in `call'
  rack (1.4.1) lib/rack/methodoverride.rb:21:in `call'
  rack (1.4.1) lib/rack/runtime.rb:17:in `call'
  activesupport (3.2.9) lib/active_support/cache/strategy/local_cache.rb:72:in `call'
  rack (1.4.1) lib/rack/lock.rb:15:in `call'
  actionpack (3.2.9) lib/action_dispatch/middleware/static.rb:62:in `call'
  railties (3.2.9) lib/rails/engine.rb:479:in `call'
  railties (3.2.9) lib/rails/application.rb:223:in `call'
  rack (1.4.1) lib/rack/content_length.rb:14:in `call'
  railties (3.2.9) lib/rails/rack/log_tailer.rb:17:in `call'
  rack (1.4.1) lib/rack/handler/webrick.rb:59:in `service'
  /home/laura/.rvm/rubies/ruby-1.9.3-p327/lib/ruby/1.9.1/webrick/httpserver.rb:138:in `service'
  /home/laura/.rvm/rubies/ruby-1.9.3-p327/lib/ruby/1.9.1/webrick/httpserver.rb:94:in `run'
  /home/laura/.rvm/rubies/ruby-1.9.3-p327/lib/ruby/1.9.1/webrick/server.rb:191:in `block in start_thread'


  Rendered /home/laura/.rvm/gems/ruby-1.9.3-p327/gems/actionpack-3.2.9/lib/action_dispatch/middleware/templates/rescues/routing_error.erb within rescues/layout (0.6ms)


Started GET "/rails/info/properties" for 127.0.0.1 at 2012-12-22 16:40:19 -0200
Processing by Rails::InfoController#properties as HTML
  Rendered inline template (0.3ms)
Completed 200 OK in 1ms (Views: 0.9ms | ActiveRecord: 0.0ms)
Connecting to database specified by database.yml
Connecting to database specified by database.yml
Connecting to database specified by database.yml
  [1m[36m (0.1ms)[0m  [1mselect sqlite_version(*)[0m
  [1m[35m (60.2ms)[0m  CREATE TABLE "schema_migrations" ("version" varchar(255) NOT NULL) 
  [1m[36m (28.3ms)[0m  [1mCREATE UNIQUE INDEX "unique_schema_migrations" ON "schema_migrations" ("version")[0m
  [1m[35m (2.2ms)[0m  SELECT "schema_migrations"."version" FROM "schema_migrations" 
Migrating to DeviseCreateAdminUsers (20121222184230)
  [1m[36m (0.0ms)[0m  [1mbegin transaction[0m
  [1m[35m (0.4ms)[0m  CREATE TABLE "admin_users" ("id" INTEGER PRIMARY KEY AUTOINCREMENT NOT NULL, "email" varchar(255) DEFAULT '' NOT NULL, "encrypted_password" varchar(255) DEFAULT '' NOT NULL, "reset_password_token" varchar(255), "reset_password_sent_at" datetime, "remember_created_at" datetime, "sign_in_count" integer DEFAULT 0, "current_sign_in_at" datetime, "last_sign_in_at" datetime, "current_sign_in_ip" varchar(255), "last_sign_in_ip" varchar(255), "created_at" datetime NOT NULL, "updated_at" datetime NOT NULL) 
  [1m[36m (23.2ms)[0m  [1mCREATE UNIQUE INDEX "index_admin_users_on_email" ON "admin_users" ("email")[0m
  [1m[35m (0.3ms)[0m  CREATE UNIQUE INDEX "index_admin_users_on_reset_password_token" ON "admin_users" ("reset_password_token")
  [1m[36mAdminUser Exists (0.8ms)[0m  [1mSELECT 1 AS one FROM "admin_users" WHERE "admin_users"."email" = 'admin@example.com' LIMIT 1[0m
Binary data inserted for `string` type on column `encrypted_password`
  [1m[35mSQL (2.4ms)[0m  INSERT INTO "admin_users" ("created_at", "current_sign_in_at", "current_sign_in_ip", "email", "encrypted_password", "last_sign_in_at", "last_sign_in_ip", "remember_created_at", "reset_password_sent_at", "reset_password_token", "sign_in_count", "updated_at") VALUES (?, ?, ?, ?, ?, ?, ?, ?, ?, ?, ?, ?)  [["created_at", Sat, 22 Dec 2012 18:50:18 UTC +00:00], ["current_sign_in_at", nil], ["current_sign_in_ip", nil], ["email", "admin@example.com"], ["encrypted_password", "$2a$10$zhAkc.XGGiwkqgtSeXNcIux65nd/4BQ7JqJT4T1U6RkvMG5orbtaG"], ["last_sign_in_at", nil], ["last_sign_in_ip", nil], ["remember_created_at", nil], ["reset_password_sent_at", nil], ["reset_password_token", nil], ["sign_in_count", 0], ["updated_at", Sat, 22 Dec 2012 18:50:18 UTC +00:00]]
  [1m[36m (0.0ms)[0m  [1mINSERT INTO "schema_migrations" ("version") VALUES ('20121222184230')[0m
  [1m[35m (15.6ms)[0m  commit transaction
Migrating to CreateAdminNotes (20121222184236)
  [1m[36m (0.1ms)[0m  [1mbegin transaction[0m
  [1m[35m (0.1ms)[0m  CREATE TABLE "admin_notes" ("id" INTEGER PRIMARY KEY AUTOINCREMENT NOT NULL, "resource_id" varchar(255) NOT NULL, "resource_type" varchar(255) NOT NULL, "admin_user_id" integer, "admin_user_type" varchar(255), "body" text, "created_at" datetime NOT NULL, "updated_at" datetime NOT NULL) 
  [1m[36m (0.2ms)[0m  [1mCREATE INDEX "index_admin_notes_on_resource_type_and_resource_id" ON "admin_notes" ("resource_type", "resource_id")[0m
  [1m[35m (0.2ms)[0m  CREATE INDEX "index_admin_notes_on_admin_user_type_and_admin_user_id" ON "admin_notes" ("admin_user_type", "admin_user_id")
  [1m[36m (0.1ms)[0m  [1mINSERT INTO "schema_migrations" ("version") VALUES ('20121222184236')[0m
  [1m[35m (33.4ms)[0m  commit transaction
Migrating to MoveAdminNotesToComments (20121222184237)
  [1m[36m (0.1ms)[0m  [1mbegin transaction[0m
  [1m[35m (0.2ms)[0m  DROP INDEX "index_admin_notes_on_admin_user_type_and_admin_user_id"
  [1m[36m (3.4ms)[0m  [1mALTER TABLE "admin_notes" RENAME TO "active_admin_comments"[0m
  [1m[35m (0.4ms)[0m  CREATE TEMPORARY TABLE "altered_active_admin_comments" ("id" INTEGER PRIMARY KEY AUTOINCREMENT NOT NULL, "resource_id" varchar(255) NOT NULL, "resource_type" varchar(255) NOT NULL, "admin_user_id" integer, "author_type" varchar(255), "body" text, "created_at" datetime NOT NULL, "updated_at" datetime NOT NULL) 
  [1m[36m (0.2ms)[0m  [1mCREATE INDEX "temp_index_admin_notes_on_resource_type_and_resource_id" ON "altered_active_admin_comments" ("resource_type", "resource_id")[0m
  [1m[35m (0.1ms)[0m  SELECT * FROM "active_admin_comments"
  [1m[36m (0.3ms)[0m  [1mDROP TABLE "active_admin_comments"[0m
  [1m[35m (0.3ms)[0m  CREATE TABLE "active_admin_comments" ("id" INTEGER PRIMARY KEY AUTOINCREMENT NOT NULL, "resource_id" varchar(255) NOT NULL, "resource_type" varchar(255) NOT NULL, "admin_user_id" integer, "author_type" varchar(255), "body" text, "created_at" datetime NOT NULL, "updated_at" datetime NOT NULL) 
  [1m[36m (0.1ms)[0m  [1mCREATE INDEX "index_admin_notes_on_resource_type_and_resource_id" ON "active_admin_comments" ("resource_type", "resource_id")[0m
  [1m[35m (0.1ms)[0m  SELECT * FROM "altered_active_admin_comments"
  [1m[36m (0.2ms)[0m  [1mDROP TABLE "altered_active_admin_comments"[0m
  [1m[35m (0.1ms)[0m  CREATE TEMPORARY TABLE "altered_active_admin_comments" ("id" INTEGER PRIMARY KEY AUTOINCREMENT NOT NULL, "resource_id" varchar(255) NOT NULL, "resource_type" varchar(255) NOT NULL, "author_id" integer, "author_type" varchar(255), "body" text, "created_at" datetime NOT NULL, "updated_at" datetime NOT NULL) 
  [1m[36m (0.2ms)[0m  [1mCREATE INDEX "temp_index_admin_notes_on_resource_type_and_resource_id" ON "altered_active_admin_comments" ("resource_type", "resource_id")[0m
  [1m[35m (0.1ms)[0m  SELECT * FROM "active_admin_comments"
  [1m[36m (0.8ms)[0m  [1mDROP TABLE "active_admin_comments"[0m
  [1m[35m (0.5ms)[0m  CREATE TABLE "active_admin_comments" ("id" INTEGER PRIMARY KEY AUTOINCREMENT NOT NULL, "resource_id" varchar(255) NOT NULL, "resource_type" varchar(255) NOT NULL, "author_id" integer, "author_type" varchar(255), "body" text, "created_at" datetime NOT NULL, "updated_at" datetime NOT NULL) 
  [1m[36m (0.2ms)[0m  [1mCREATE INDEX "index_admin_notes_on_resource_type_and_resource_id" ON "active_admin_comments" ("resource_type", "resource_id")[0m
  [1m[35m (0.1ms)[0m  SELECT * FROM "altered_active_admin_comments"
  [1m[36m (0.1ms)[0m  [1mDROP TABLE "altered_active_admin_comments"[0m
  [1m[35m (0.2ms)[0m  ALTER TABLE "active_admin_comments" ADD "namespace" varchar(255)
  [1m[36m (0.2ms)[0m  [1mCREATE INDEX "index_active_admin_comments_on_namespace" ON "active_admin_comments" ("namespace")[0m
  [1m[35m (0.1ms)[0m  CREATE INDEX "index_active_admin_comments_on_author_type_and_author_id" ON "active_admin_comments" ("author_type", "author_id")
  [1m[36m (0.1ms)[0m  [1mUPDATE active_admin_comments SET namespace='admin'[0m
  [1m[35m (0.1ms)[0m  INSERT INTO "schema_migrations" ("version") VALUES ('20121222184237')
  [1m[36m (9.8ms)[0m  [1mcommit transaction[0m
  [1m[35m (0.2ms)[0m  SELECT "schema_migrations"."version" FROM "schema_migrations" 


Started GET "/admin" for 127.0.0.1 at 2012-12-22 16:50:46 -0200

NameError (uninitialized constant ActiveAdmin):
  config/routes.rb:2:in `block in <top (required)>'
  config/routes.rb:1:in `<top (required)>'


  Rendered /home/laura/.rvm/gems/ruby-1.9.3-p327/gems/actionpack-3.2.9/lib/action_dispatch/middleware/templates/rescues/_trace.erb (1.2ms)
  Rendered /home/laura/.rvm/gems/ruby-1.9.3-p327/gems/actionpack-3.2.9/lib/action_dispatch/middleware/templates/rescues/_request_and_response.erb (1.2ms)
  Rendered /home/laura/.rvm/gems/ruby-1.9.3-p327/gems/actionpack-3.2.9/lib/action_dispatch/middleware/templates/rescues/diagnostics.erb within rescues/layout (17.5ms)
Connecting to database specified by database.yml
Connecting to database specified by database.yml
Connecting to database specified by database.yml


Started GET "/admin" for 127.0.0.1 at 2012-12-22 16:52:21 -0200
Processing by Admin::DashboardController#index as HTML
Completed 401 Unauthorized in 2ms


Started GET "/admin/login" for 127.0.0.1 at 2012-12-22 16:52:21 -0200
Processing by ActiveAdmin::Devise::SessionsController#new as HTML
  Rendered /home/laura/.rvm/gems/ruby-1.9.3-p327/bundler/gems/active_admin-cc687d7d1615/app/views/active_admin/devise/shared/_links.erb (1.4ms)
  Rendered /home/laura/.rvm/gems/ruby-1.9.3-p327/bundler/gems/active_admin-cc687d7d1615/app/views/active_admin/devise/sessions/new.html.erb within layouts/active_admin_logged_out (296.7ms)
Compiled active_admin.css  (2877ms)  (pid 11614)
Compiled active_admin/print.css  (269ms)  (pid 11614)
Compiled jquery.js  (2ms)  (pid 11614)
Compiled jquery-ui.js  (61ms)  (pid 11614)
Compiled jquery_ujs.js  (0ms)  (pid 11614)
Compiled active_admin/lib/namespace.js  (150ms)  (pid 11614)
Compiled active_admin/components/jquery.aa.checkbox-toggler.js  (19ms)  (pid 11614)
Compiled active_admin/components/jquery.aa.dropdown-menu.js  (14ms)  (pid 11614)
Compiled active_admin/components/jquery.aa.popover.js  (10ms)  (pid 11614)
Compiled active_admin/components/jquery.aa.table-checkbox-toggler.js  (9ms)  (pid 11614)
Compiled active_admin/pages/application.js  (2ms)  (pid 11614)
Compiled active_admin/pages/batch_actions.js  (6ms)  (pid 11614)
Compiled active_admin/application.js  (354ms)  (pid 11614)
Compiled active_admin/base.js  (482ms)  (pid 11614)
Compiled active_admin.js  (541ms)  (pid 11614)
Completed 200 OK in 4326ms (Views: 4282.7ms | ActiveRecord: 0.4ms)


Started GET "/assets/active_admin.css?body=1" for 127.0.0.1 at 2012-12-22 16:52:25 -0200
Served asset /active_admin.css - 200 OK (91ms)


Started GET "/assets/active_admin/lib/namespace.js?body=1" for 127.0.0.1 at 2012-12-22 16:52:25 -0200
Served asset /active_admin/lib/namespace.js - 304 Not Modified (17ms)


Started GET "/assets/jquery_ujs.js?body=1" for 127.0.0.1 at 2012-12-22 16:52:25 -0200
Served asset /jquery_ujs.js - 304 Not Modified (13ms)


Started GET "/assets/jquery.js?body=1" for 127.0.0.1 at 2012-12-22 16:52:25 -0200
Served asset /jquery.js - 304 Not Modified (5ms)


Started GET "/assets/active_admin/print.css?body=1" for 127.0.0.1 at 2012-12-22 16:52:25 -0200
Served asset /active_admin/print.css - 200 OK (16ms)


Started GET "/assets/jquery-ui.js?body=1" for 127.0.0.1 at 2012-12-22 16:52:25 -0200
Served asset /jquery-ui.js - 304 Not Modified (28ms)


Started GET "/assets/active_admin/components/jquery.aa.checkbox-toggler.js?body=1" for 127.0.0.1 at 2012-12-22 16:52:25 -0200
Served asset /active_admin/components/jquery.aa.checkbox-toggler.js - 304 Not Modified (10ms)


Started GET "/assets/active_admin/components/jquery.aa.dropdown-menu.js?body=1" for 127.0.0.1 at 2012-12-22 16:52:25 -0200
Served asset /active_admin/components/jquery.aa.dropdown-menu.js - 304 Not Modified (16ms)


Started GET "/assets/active_admin/components/jquery.aa.popover.js?body=1" for 127.0.0.1 at 2012-12-22 16:52:25 -0200
Served asset /active_admin/components/jquery.aa.popover.js - 304 Not Modified (16ms)


Started GET "/assets/active_admin/components/jquery.aa.table-checkbox-toggler.js?body=1" for 127.0.0.1 at 2012-12-22 16:52:25 -0200
Served asset /active_admin/components/jquery.aa.table-checkbox-toggler.js - 304 Not Modified (8ms)


Started GET "/assets/active_admin/pages/application.js?body=1" for 127.0.0.1 at 2012-12-22 16:52:25 -0200
Served asset /active_admin/pages/application.js - 304 Not Modified (14ms)


Started GET "/assets/active_admin/pages/batch_actions.js?body=1" for 127.0.0.1 at 2012-12-22 16:52:25 -0200
Served asset /active_admin/pages/batch_actions.js - 304 Not Modified (10ms)


Started GET "/assets/active_admin/application.js?body=1" for 127.0.0.1 at 2012-12-22 16:52:25 -0200
Served asset /active_admin/application.js - 304 Not Modified (47ms)


Started GET "/assets/active_admin/base.js?body=1" for 127.0.0.1 at 2012-12-22 16:52:25 -0200
Served asset /active_admin/base.js - 304 Not Modified (174ms)


Started GET "/assets/active_admin.js?body=1" for 127.0.0.1 at 2012-12-22 16:52:26 -0200
Served asset /active_admin.js - 304 Not Modified (107ms)


Started POST "/admin/login" for 127.0.0.1 at 2012-12-22 16:52:32 -0200
Processing by ActiveAdmin::Devise::SessionsController#create as HTML
  Parameters: {"utf8"=>"✓", "authenticity_token"=>"l0m9q9LHc8zJGynqfou5xl+yDVxdCc2I78AKl5eJmb0=", "admin_user"=>{"email"=>"admin@example.com", "password"=>"[FILTERED]", "remember_me"=>"0"}, "commit"=>"Login"}
  [1m[36mAdminUser Load (0.5ms)[0m  [1mSELECT "admin_users".* FROM "admin_users" WHERE "admin_users"."email" = 'admin@example.com' LIMIT 1[0m
  [1m[35m (0.1ms)[0m  begin transaction
  [1m[36m (0.4ms)[0m  [1mUPDATE "admin_users" SET "last_sign_in_at" = '2012-12-22 18:52:32.839966', "current_sign_in_at" = '2012-12-22 18:52:32.839966', "last_sign_in_ip" = '127.0.0.1', "current_sign_in_ip" = '127.0.0.1', "sign_in_count" = 1, "updated_at" = '2012-12-22 18:52:32.842430' WHERE "admin_users"."id" = 1[0m
  [1m[35m (42.1ms)[0m  commit transaction
Redirected to http://localhost:3000/admin
Completed 302 Found in 316ms (ActiveRecord: 0.0ms)


Started GET "/admin" for 127.0.0.1 at 2012-12-22 16:52:32 -0200
Processing by Admin::DashboardController#index as HTML
  [1m[36mAdminUser Load (0.3ms)[0m  [1mSELECT "admin_users".* FROM "admin_users" WHERE "admin_users"."id" = 1 LIMIT 1[0m
  Rendered /home/laura/.rvm/gems/ruby-1.9.3-p327/bundler/gems/active_admin-cc687d7d1615/app/views/active_admin/page/index.html.arb (30.3ms)
Completed 200 OK in 37ms (Views: 35.3ms | ActiveRecord: 0.3ms)


Started GET "/assets/active_admin.css?body=1" for 127.0.0.1 at 2012-12-22 16:52:33 -0200
Served asset /active_admin.css - 304 Not Modified (60ms)


Started GET "/assets/active_admin.js" for 127.0.0.1 at 2012-12-22 16:52:33 -0200
Served asset /active_admin.js - 304 Not Modified (2ms)


Started GET "/assets/active_admin/print.css?body=1" for 127.0.0.1 at 2012-12-22 16:52:33 -0200
Served asset /active_admin/print.css - 304 Not Modified (13ms)


Started GET "/admin/admin_users" for 127.0.0.1 at 2012-12-22 16:52:38 -0200
Processing by Admin::AdminUsersController#index as HTML
  [1m[35mAdminUser Load (0.3ms)[0m  SELECT "admin_users".* FROM "admin_users" WHERE "admin_users"."id" = 1 LIMIT 1
  [1m[36m (0.6ms)[0m  [1mSELECT COUNT(count_column) FROM (SELECT 1 AS count_column FROM "admin_users" LIMIT 30 OFFSET 0) subquery_for_count [0m
  [1m[35m (0.1ms)[0m  SELECT COUNT(*) FROM "admin_users" 
  [1m[36mCACHE (0.0ms)[0m  [1mSELECT COUNT(count_column) FROM (SELECT 1 AS count_column FROM "admin_users" LIMIT 30 OFFSET 0) subquery_for_count [0m
  [1m[35mAdminUser Load (0.4ms)[0m  SELECT "admin_users".* FROM "admin_users" ORDER BY "admin_users"."id" desc LIMIT 30 OFFSET 0
  Rendered /home/laura/.rvm/gems/ruby-1.9.3-p327/bundler/gems/active_admin-cc687d7d1615/app/views/active_admin/resource/index.html.arb (125.1ms)
Completed 200 OK in 140ms (Views: 129.0ms | ActiveRecord: 1.4ms)


Started GET "/assets/active_admin.css?body=1" for 127.0.0.1 at 2012-12-22 16:52:38 -0200
Served asset /active_admin.css - 304 Not Modified (40ms)


Started GET "/assets/active_admin.js" for 127.0.0.1 at 2012-12-22 16:52:38 -0200
Served asset /active_admin.js - 304 Not Modified (1ms)


Started GET "/assets/active_admin/print.css?body=1" for 127.0.0.1 at 2012-12-22 16:52:38 -0200
Served asset /active_admin/print.css - 304 Not Modified (0ms)


Started GET "/assets/active_admin/orderable.png" for 127.0.0.1 at 2012-12-22 16:52:38 -0200
Served asset /active_admin/orderable.png - 304 Not Modified (9ms)


Started GET "/admin/admin_users/new" for 127.0.0.1 at 2012-12-22 16:52:40 -0200
Processing by Admin::AdminUsersController#new as HTML
  [1m[36mAdminUser Load (0.3ms)[0m  [1mSELECT "admin_users".* FROM "admin_users" WHERE "admin_users"."id" = 1 LIMIT 1[0m
  Rendered /home/laura/.rvm/gems/ruby-1.9.3-p327/bundler/gems/active_admin-cc687d7d1615/app/views/active_admin/resource/new.html.arb (93.6ms)
Completed 200 OK in 101ms (Views: 96.9ms | ActiveRecord: 0.3ms)


Started GET "/assets/active_admin.css?body=1" for 127.0.0.1 at 2012-12-22 16:52:40 -0200
Served asset /active_admin.css - 304 Not Modified (53ms)


Started GET "/assets/active_admin.js" for 127.0.0.1 at 2012-12-22 16:52:40 -0200
Served asset /active_admin.js - 304 Not Modified (1ms)


Started GET "/assets/active_admin/print.css?body=1" for 127.0.0.1 at 2012-12-22 16:52:40 -0200
Served asset /active_admin/print.css - 304 Not Modified (3ms)


Started GET "/admin/admin_users" for 127.0.0.1 at 2012-12-22 16:52:43 -0200
Processing by Admin::AdminUsersController#index as HTML
  [1m[35mAdminUser Load (0.4ms)[0m  SELECT "admin_users".* FROM "admin_users" WHERE "admin_users"."id" = 1 LIMIT 1
  [1m[36m (0.3ms)[0m  [1mSELECT COUNT(count_column) FROM (SELECT 1 AS count_column FROM "admin_users" LIMIT 30 OFFSET 0) subquery_for_count [0m
  [1m[35m (0.3ms)[0m  SELECT COUNT(*) FROM "admin_users" 
  [1m[36mCACHE (0.0ms)[0m  [1mSELECT COUNT(count_column) FROM (SELECT 1 AS count_column FROM "admin_users" LIMIT 30 OFFSET 0) subquery_for_count [0m
  [1m[35mAdminUser Load (0.5ms)[0m  SELECT "admin_users".* FROM "admin_users" ORDER BY "admin_users"."id" desc LIMIT 30 OFFSET 0
  Rendered /home/laura/.rvm/gems/ruby-1.9.3-p327/bundler/gems/active_admin-cc687d7d1615/app/views/active_admin/resource/index.html.arb (87.5ms)
Completed 200 OK in 98ms (Views: 89.7ms | ActiveRecord: 1.5ms)


Started GET "/assets/active_admin.css?body=1" for 127.0.0.1 at 2012-12-22 16:52:43 -0200
Served asset /active_admin.css - 304 Not Modified (106ms)


Started GET "/assets/active_admin.js" for 127.0.0.1 at 2012-12-22 16:52:43 -0200
Served asset /active_admin.js - 304 Not Modified (1ms)


Started GET "/assets/active_admin/print.css?body=1" for 127.0.0.1 at 2012-12-22 16:52:43 -0200
Served asset /active_admin/print.css - 304 Not Modified (0ms)


Started GET "/assets/active_admin/orderable.png" for 127.0.0.1 at 2012-12-22 16:52:43 -0200
Served asset /active_admin/orderable.png - 304 Not Modified (0ms)


Started GET "/admin/admin_users" for 127.0.0.1 at 2012-12-22 16:56:20 -0200
Processing by Admin::AdminUsersController#index as HTML
  [1m[36mAdminUser Load (0.3ms)[0m  [1mSELECT "admin_users".* FROM "admin_users" WHERE "admin_users"."id" = 1 LIMIT 1[0m
  [1m[35m (0.2ms)[0m  SELECT COUNT(count_column) FROM (SELECT 1 AS count_column FROM "admin_users" LIMIT 30 OFFSET 0) subquery_for_count 
  [1m[36m (0.2ms)[0m  [1mSELECT COUNT(*) FROM "admin_users" [0m
  [1m[35mCACHE (0.0ms)[0m  SELECT COUNT(count_column) FROM (SELECT 1 AS count_column FROM "admin_users" LIMIT 30 OFFSET 0) subquery_for_count 
  [1m[36mAdminUser Load (0.3ms)[0m  [1mSELECT "admin_users".* FROM "admin_users" ORDER BY "admin_users"."id" desc LIMIT 30 OFFSET 0[0m
  Rendered /home/laura/.rvm/gems/ruby-1.9.3-p327/bundler/gems/active_admin-cc687d7d1615/app/views/active_admin/resource/index.html.arb (73.1ms)
Completed 200 OK in 202ms (Views: 80.1ms | ActiveRecord: 1.2ms)


Started GET "/assets/active_admin.css?body=1" for 127.0.0.1 at 2012-12-22 16:56:20 -0200
Served asset /active_admin.css - 304 Not Modified (43ms)


Started GET "/assets/active_admin.js" for 127.0.0.1 at 2012-12-22 16:56:20 -0200
Served asset /active_admin.js - 304 Not Modified (0ms)


Started GET "/assets/active_admin/print.css?body=1" for 127.0.0.1 at 2012-12-22 16:56:20 -0200
Served asset /active_admin/print.css - 304 Not Modified (0ms)


Started GET "/assets/active_admin/orderable.png" for 127.0.0.1 at 2012-12-22 16:56:20 -0200
Served asset /active_admin/orderable.png - 304 Not Modified (1ms)


Started GET "/admin/admin_users/1" for 127.0.0.1 at 2012-12-22 16:56:31 -0200
Processing by Admin::AdminUsersController#show as HTML
  Parameters: {"id"=>"1"}
  [1m[35mAdminUser Load (3.2ms)[0m  SELECT "admin_users".* FROM "admin_users" WHERE "admin_users"."id" = 1 LIMIT 1
  [1m[36mAdminUser Load (0.5ms)[0m  [1mSELECT "admin_users".* FROM "admin_users" WHERE "admin_users"."id" = ? LIMIT 1[0m  [["id", "1"]]
  Rendered /home/laura/.rvm/gems/ruby-1.9.3-p327/bundler/gems/active_admin-cc687d7d1615/app/views/active_admin/resource/show.html.arb (22.3ms)
Completed 200 OK in 40ms (Views: 25.4ms | ActiveRecord: 3.7ms)


Started GET "/assets/active_admin.css?body=1" for 127.0.0.1 at 2012-12-22 16:56:31 -0200
Served asset /active_admin.css - 304 Not Modified (103ms)


Started GET "/assets/active_admin.js" for 127.0.0.1 at 2012-12-22 16:56:32 -0200
Served asset /active_admin.js - 304 Not Modified (0ms)


Started GET "/assets/active_admin/print.css?body=1" for 127.0.0.1 at 2012-12-22 16:56:32 -0200
Served asset /active_admin/print.css - 304 Not Modified (6ms)


Started GET "/admin/admin_users" for 127.0.0.1 at 2012-12-22 16:56:35 -0200
Processing by Admin::AdminUsersController#index as HTML
  [1m[35mAdminUser Load (0.3ms)[0m  SELECT "admin_users".* FROM "admin_users" WHERE "admin_users"."id" = 1 LIMIT 1
  [1m[36m (0.2ms)[0m  [1mSELECT COUNT(count_column) FROM (SELECT 1 AS count_column FROM "admin_users" LIMIT 30 OFFSET 0) subquery_for_count [0m
  [1m[35m (0.1ms)[0m  SELECT COUNT(*) FROM "admin_users" 
  [1m[36mCACHE (0.0ms)[0m  [1mSELECT COUNT(count_column) FROM (SELECT 1 AS count_column FROM "admin_users" LIMIT 30 OFFSET 0) subquery_for_count [0m
  [1m[35mAdminUser Load (0.3ms)[0m  SELECT "admin_users".* FROM "admin_users" ORDER BY "admin_users"."id" desc LIMIT 30 OFFSET 0
  Rendered /home/laura/.rvm/gems/ruby-1.9.3-p327/bundler/gems/active_admin-cc687d7d1615/app/views/active_admin/resource/index.html.arb (71.2ms)
Completed 200 OK in 77ms (Views: 73.0ms | ActiveRecord: 0.9ms)


Started GET "/assets/active_admin.css?body=1" for 127.0.0.1 at 2012-12-22 16:56:35 -0200
Served asset /active_admin.css - 304 Not Modified (51ms)


Started GET "/assets/active_admin.js" for 127.0.0.1 at 2012-12-22 16:56:35 -0200
Served asset /active_admin.js - 304 Not Modified (0ms)


Started GET "/assets/active_admin/print.css?body=1" for 127.0.0.1 at 2012-12-22 16:56:35 -0200
Served asset /active_admin/print.css - 304 Not Modified (0ms)


Started GET "/assets/active_admin/orderable.png" for 127.0.0.1 at 2012-12-22 16:56:35 -0200
Served asset /active_admin/orderable.png - 304 Not Modified (0ms)


Started GET "/admin/admin_users/1/edit" for 127.0.0.1 at 2012-12-22 16:56:36 -0200
Processing by Admin::AdminUsersController#edit as HTML
  Parameters: {"id"=>"1"}
  [1m[36mAdminUser Load (0.3ms)[0m  [1mSELECT "admin_users".* FROM "admin_users" WHERE "admin_users"."id" = 1 LIMIT 1[0m
  [1m[35mAdminUser Load (0.1ms)[0m  SELECT "admin_users".* FROM "admin_users" WHERE "admin_users"."id" = ? LIMIT 1  [["id", "1"]]
  [1m[36mAdminUser Load (0.2ms)[0m  [1mSELECT "admin_users".* FROM "admin_users" WHERE "admin_users"."id" = ? LIMIT 1[0m  [["id", 1]]
  Rendered /home/laura/.rvm/gems/ruby-1.9.3-p327/bundler/gems/active_admin-cc687d7d1615/app/views/active_admin/resource/edit.html.arb (97.9ms)
Completed 200 OK in 106ms (Views: 101.2ms | ActiveRecord: 0.6ms)


Started GET "/assets/active_admin.css?body=1" for 127.0.0.1 at 2012-12-22 16:56:37 -0200
Served asset /active_admin.css - 304 Not Modified (56ms)


Started GET "/assets/active_admin.js" for 127.0.0.1 at 2012-12-22 16:56:37 -0200
Served asset /active_admin.js - 304 Not Modified (0ms)


Started GET "/assets/active_admin/print.css?body=1" for 127.0.0.1 at 2012-12-22 16:56:37 -0200
Served asset /active_admin/print.css - 304 Not Modified (0ms)


Started GET "/admin/admin_users" for 127.0.0.1 at 2012-12-22 16:56:39 -0200
Processing by Admin::AdminUsersController#index as HTML
  [1m[35mAdminUser Load (0.3ms)[0m  SELECT "admin_users".* FROM "admin_users" WHERE "admin_users"."id" = 1 LIMIT 1
  [1m[36m (0.2ms)[0m  [1mSELECT COUNT(count_column) FROM (SELECT 1 AS count_column FROM "admin_users" LIMIT 30 OFFSET 0) subquery_for_count [0m
  [1m[35m (0.1ms)[0m  SELECT COUNT(*) FROM "admin_users" 
  [1m[36mCACHE (0.0ms)[0m  [1mSELECT COUNT(count_column) FROM (SELECT 1 AS count_column FROM "admin_users" LIMIT 30 OFFSET 0) subquery_for_count [0m
  [1m[35mAdminUser Load (0.3ms)[0m  SELECT "admin_users".* FROM "admin_users" ORDER BY "admin_users"."id" desc LIMIT 30 OFFSET 0
  Rendered /home/laura/.rvm/gems/ruby-1.9.3-p327/bundler/gems/active_admin-cc687d7d1615/app/views/active_admin/resource/index.html.arb (64.1ms)
Completed 200 OK in 79ms (Views: 75.7ms | ActiveRecord: 0.9ms)


Started GET "/assets/active_admin.js" for 127.0.0.1 at 2012-12-22 16:56:39 -0200
Served asset /active_admin.js - 304 Not Modified (13ms)


Started GET "/assets/active_admin.css?body=1" for 127.0.0.1 at 2012-12-22 16:56:39 -0200
Served asset /active_admin.css - 304 Not Modified (94ms)


Started GET "/assets/active_admin/print.css?body=1" for 127.0.0.1 at 2012-12-22 16:56:39 -0200
Served asset /active_admin/print.css - 304 Not Modified (0ms)


Started GET "/assets/active_admin/orderable.png" for 127.0.0.1 at 2012-12-22 16:56:40 -0200
Served asset /active_admin/orderable.png - 304 Not Modified (0ms)


Started GET "/admin/admin_users" for 127.0.0.1 at 2012-12-22 17:08:38 -0200
Processing by Admin::AdminUsersController#index as HTML
  [1m[36mAdminUser Load (5.8ms)[0m  [1mSELECT "admin_users".* FROM "admin_users" WHERE "admin_users"."id" = 1 LIMIT 1[0m
  [1m[35m (0.2ms)[0m  SELECT COUNT(count_column) FROM (SELECT 1 AS count_column FROM "admin_users" LIMIT 30 OFFSET 0) subquery_for_count 
  [1m[36m (0.2ms)[0m  [1mSELECT COUNT(*) FROM "admin_users" [0m
  [1m[35mCACHE (0.0ms)[0m  SELECT COUNT(count_column) FROM (SELECT 1 AS count_column FROM "admin_users" LIMIT 30 OFFSET 0) subquery_for_count 
  [1m[36mAdminUser Load (0.4ms)[0m  [1mSELECT "admin_users".* FROM "admin_users" ORDER BY "admin_users"."id" desc LIMIT 30 OFFSET 0[0m
  Rendered /home/laura/.rvm/gems/ruby-1.9.3-p327/bundler/gems/active_admin-cc687d7d1615/app/views/active_admin/resource/index.html.arb (67.0ms)
Completed 200 OK in 83ms (Views: 74.0ms | ActiveRecord: 6.7ms)


Started GET "/assets/active_admin.css?body=1" for 127.0.0.1 at 2012-12-22 17:08:38 -0200
Served asset /active_admin.css - 304 Not Modified (21ms)


Started GET "/assets/active_admin.js" for 127.0.0.1 at 2012-12-22 17:08:38 -0200
Served asset /active_admin.js - 304 Not Modified (1ms)


Started GET "/assets/active_admin/print.css?body=1" for 127.0.0.1 at 2012-12-22 17:08:38 -0200
Served asset /active_admin/print.css - 304 Not Modified (0ms)


Started GET "/assets/active_admin/orderable.png" for 127.0.0.1 at 2012-12-22 17:08:38 -0200
Served asset /active_admin/orderable.png - 304 Not Modified (0ms)


Started GET "/admin/admin_users" for 127.0.0.1 at 2012-12-22 17:08:41 -0200
Processing by Admin::AdminUsersController#index as HTML
  [1m[35mAdminUser Load (0.3ms)[0m  SELECT "admin_users".* FROM "admin_users" WHERE "admin_users"."id" = 1 LIMIT 1
  [1m[36m (0.2ms)[0m  [1mSELECT COUNT(count_column) FROM (SELECT 1 AS count_column FROM "admin_users" LIMIT 30 OFFSET 0) subquery_for_count [0m
  [1m[35m (0.2ms)[0m  SELECT COUNT(*) FROM "admin_users" 
  [1m[36mCACHE (0.0ms)[0m  [1mSELECT COUNT(count_column) FROM (SELECT 1 AS count_column FROM "admin_users" LIMIT 30 OFFSET 0) subquery_for_count [0m
  [1m[35mAdminUser Load (0.2ms)[0m  SELECT "admin_users".* FROM "admin_users" ORDER BY "admin_users"."id" desc LIMIT 30 OFFSET 0
  Rendered /home/laura/.rvm/gems/ruby-1.9.3-p327/bundler/gems/active_admin-cc687d7d1615/app/views/active_admin/resource/index.html.arb (118.1ms)
Completed 200 OK in 137ms (Views: 134.1ms | ActiveRecord: 0.9ms)


Started GET "/assets/active_admin.js" for 127.0.0.1 at 2012-12-22 17:08:42 -0200
Served asset /active_admin.js - 304 Not Modified (0ms)


Started GET "/assets/active_admin.css?body=1" for 127.0.0.1 at 2012-12-22 17:08:42 -0200
Served asset /active_admin.css - 304 Not Modified (31ms)


Started GET "/assets/active_admin/print.css?body=1" for 127.0.0.1 at 2012-12-22 17:08:42 -0200
Served asset /active_admin/print.css - 304 Not Modified (0ms)


Started GET "/assets/active_admin/orderable.png" for 127.0.0.1 at 2012-12-22 17:08:42 -0200
Served asset /active_admin/orderable.png - 304 Not Modified (0ms)
Connecting to database specified by database.yml


Started GET "/admin/admin_users" for 127.0.0.1 at 2012-12-22 17:09:09 -0200
Processing by Admin::AdminUsersController#index as HTML
  [1m[36mAdminUser Load (0.1ms)[0m  [1mSELECT "admin_users".* FROM "admin_users" WHERE "admin_users"."id" = 1 LIMIT 1[0m
  [1m[35m (0.3ms)[0m  SELECT COUNT(count_column) FROM (SELECT 1 AS count_column FROM "admin_users" LIMIT 30 OFFSET 0) subquery_for_count 
  [1m[36m (0.2ms)[0m  [1mSELECT COUNT(*) FROM "admin_users" [0m
  [1m[35mCACHE (0.1ms)[0m  SELECT COUNT(count_column) FROM (SELECT 1 AS count_column FROM "admin_users" LIMIT 30 OFFSET 0) subquery_for_count 
  [1m[36mAdminUser Load (0.3ms)[0m  [1mSELECT "admin_users".* FROM "admin_users" ORDER BY "admin_users"."id" desc LIMIT 30 OFFSET 0[0m
  Rendered /home/laura/.rvm/gems/ruby-1.9.3-p327/bundler/gems/active_admin-cc687d7d1615/app/views/active_admin/resource/index.html.arb (489.0ms)
Completed 200 OK in 589ms (Views: 506.0ms | ActiveRecord: 1.7ms)


Started GET "/assets/active_admin.js" for 127.0.0.1 at 2012-12-22 17:09:10 -0200
Served asset /active_admin.js - 304 Not Modified (38ms)


Started GET "/assets/active_admin.css?body=1" for 127.0.0.1 at 2012-12-22 17:09:10 -0200
Served asset /active_admin.css - 304 Not Modified (65ms)


Started GET "/assets/active_admin/print.css?body=1" for 127.0.0.1 at 2012-12-22 17:09:10 -0200
Served asset /active_admin/print.css - 304 Not Modified (16ms)


Started GET "/assets/active_admin/orderable.png" for 127.0.0.1 at 2012-12-22 17:09:11 -0200
Served asset /active_admin/orderable.png - 304 Not Modified (2ms)


Started GET "/admin/admin_users" for 127.0.0.1 at 2012-12-22 17:09:14 -0200
Processing by Admin::AdminUsersController#index as HTML
  [1m[35mAdminUser Load (0.1ms)[0m  SELECT "admin_users".* FROM "admin_users" WHERE "admin_users"."id" = 1 LIMIT 1
  [1m[36m (0.3ms)[0m  [1mSELECT COUNT(count_column) FROM (SELECT 1 AS count_column FROM "admin_users" LIMIT 30 OFFSET 0) subquery_for_count [0m
  [1m[35m (0.1ms)[0m  SELECT COUNT(*) FROM "admin_users" 
  [1m[36mCACHE (0.0ms)[0m  [1mSELECT COUNT(count_column) FROM (SELECT 1 AS count_column FROM "admin_users" LIMIT 30 OFFSET 0) subquery_for_count [0m
  [1m[35mAdminUser Load (0.3ms)[0m  SELECT "admin_users".* FROM "admin_users" ORDER BY "admin_users"."id" desc LIMIT 30 OFFSET 0
  Rendered /home/laura/.rvm/gems/ruby-1.9.3-p327/bundler/gems/active_admin-cc687d7d1615/app/views/active_admin/resource/index.html.arb (137.7ms)
Completed 200 OK in 153ms (Views: 140.0ms | ActiveRecord: 0.8ms)


Started GET "/assets/active_admin.css?body=1" for 127.0.0.1 at 2012-12-22 17:09:14 -0200
Served asset /active_admin.css - 304 Not Modified (27ms)


Started GET "/assets/active_admin/print.css?body=1" for 127.0.0.1 at 2012-12-22 17:09:14 -0200
Served asset /active_admin/print.css - 304 Not Modified (2ms)


Started GET "/assets/active_admin.js" for 127.0.0.1 at 2012-12-22 17:09:14 -0200
Served asset /active_admin.js - 304 Not Modified (14ms)


Started GET "/assets/active_admin/orderable.png" for 127.0.0.1 at 2012-12-22 17:09:14 -0200
Served asset /active_admin/orderable.png - 304 Not Modified (0ms)
